-------------------------------------------------------------------------------
Test set: com.GestionePrenotazioni.GestionePrenotazioniApplicationTests
-------------------------------------------------------------------------------
Tests run: 1, Failures: 0, Errors: 1, Skipped: 0, Time elapsed: 4.571 s <<< FAILURE! - in com.GestionePrenotazioni.GestionePrenotazioniApplicationTests
contextLoads  Time elapsed: 0.022 s  <<< ERROR!
java.lang.IllegalStateException: Failed to load ApplicationContext for [MergedContextConfiguration@6632eb19 testClass = com.GestionePrenotazioni.GestionePrenotazioniApplicationTests, locations = [], classes = [com.GestionePrenotazioni.GestionePrenotazioniApplication], contextInitializerClasses = [], activeProfiles = [], propertySourceLocations = [], propertySourceProperties = ["org.springframework.boot.test.context.SpringBootTestContextBootstrapper=true"], contextCustomizers = [org.springframework.boot.test.context.filter.ExcludeFilterContextCustomizer@1bae316d, org.springframework.boot.test.json.DuplicateJsonObjectContextCustomizerFactory$DuplicateJsonObjectContextCustomizer@5026735c, org.springframework.boot.test.mock.mockito.MockitoContextCustomizer@0, org.springframework.boot.test.web.client.TestRestTemplateContextCustomizer@5a9f4771, org.springframework.boot.test.autoconfigure.actuate.observability.ObservabilityContextCustomizerFactory$DisableObservabilityContextCustomizer@9da1, org.springframework.boot.test.autoconfigure.properties.PropertyMappingContextCustomizer@0, org.springframework.boot.test.autoconfigure.web.servlet.WebDriverContextCustomizerFactory$Customizer@7c214cc0, org.springframework.boot.test.context.SpringBootTestAnnotation@407a4edb], contextLoader = org.springframework.boot.test.context.SpringBootContextLoader, parent = null]
Caused by: org.springframework.beans.factory.UnsatisfiedDependencyException: Error creating bean with name 'runner': Unsatisfied dependency expressed through field 'postazioneService': Error creating bean with name 'postazioneService': Unsatisfied dependency expressed through field 'repoPostazione': Error creating bean with name 'postazioneDAORepository' defined in com.GestionePrenotazioni.repository.PostazioneDAORepository defined in @EnableJpaRepositories declared on JpaRepositoriesRegistrar.EnableJpaRepositoriesConfiguration: Could not create query for public abstract java.util.List com.GestionePrenotazioni.repository.PostazioneDAORepository.listByTipo(com.GestionePrenotazioni.model.TipoPrenotazione); Reason: Validation failed for query for method public abstract java.util.List com.GestionePrenotazioni.repository.PostazioneDAORepository.listByTipo(com.GestionePrenotazioni.model.TipoPrenotazione)
Caused by: org.springframework.beans.factory.UnsatisfiedDependencyException: Error creating bean with name 'postazioneService': Unsatisfied dependency expressed through field 'repoPostazione': Error creating bean with name 'postazioneDAORepository' defined in com.GestionePrenotazioni.repository.PostazioneDAORepository defined in @EnableJpaRepositories declared on JpaRepositoriesRegistrar.EnableJpaRepositoriesConfiguration: Could not create query for public abstract java.util.List com.GestionePrenotazioni.repository.PostazioneDAORepository.listByTipo(com.GestionePrenotazioni.model.TipoPrenotazione); Reason: Validation failed for query for method public abstract java.util.List com.GestionePrenotazioni.repository.PostazioneDAORepository.listByTipo(com.GestionePrenotazioni.model.TipoPrenotazione)
Caused by: org.springframework.beans.factory.BeanCreationException: Error creating bean with name 'postazioneDAORepository' defined in com.GestionePrenotazioni.repository.PostazioneDAORepository defined in @EnableJpaRepositories declared on JpaRepositoriesRegistrar.EnableJpaRepositoriesConfiguration: Could not create query for public abstract java.util.List com.GestionePrenotazioni.repository.PostazioneDAORepository.listByTipo(com.GestionePrenotazioni.model.TipoPrenotazione); Reason: Validation failed for query for method public abstract java.util.List com.GestionePrenotazioni.repository.PostazioneDAORepository.listByTipo(com.GestionePrenotazioni.model.TipoPrenotazione)
Caused by: org.springframework.data.repository.query.QueryCreationException: Could not create query for public abstract java.util.List com.GestionePrenotazioni.repository.PostazioneDAORepository.listByTipo(com.GestionePrenotazioni.model.TipoPrenotazione); Reason: Validation failed for query for method public abstract java.util.List com.GestionePrenotazioni.repository.PostazioneDAORepository.listByTipo(com.GestionePrenotazioni.model.TipoPrenotazione)
Caused by: java.lang.IllegalArgumentException: Validation failed for query for method public abstract java.util.List com.GestionePrenotazioni.repository.PostazioneDAORepository.listByTipo(com.GestionePrenotazioni.model.TipoPrenotazione)
Caused by: java.lang.IllegalArgumentException: org.hibernate.query.sqm.UnknownEntityException: Could not resolve root entity 'postazione'
Caused by: org.hibernate.query.sqm.UnknownEntityException: Could not resolve root entity 'postazione'

